<?xml version="1.0" encoding="UTF-8"?>
<!-- Generated by org.testng.reporters.JUnitReportReporter -->
<testsuite hostname="SANDEEPINI" name="qsp.CustomerMoedl" tests="4" failures="0" timestamp="26 May 2020 03:05:52 GMT" time="0.050" errors="0">
  <testcase name="registerCustomer" time="0.008" classname="qsp.CustomerMoedl"/>
  <testcase name="editCustomer" time="0.009" classname="qsp.CustomerMoedl"/>
  <testcase name="deleteCustomer" time="0.021" classname="qsp.CustomerMoedl"/>
  <testcase name="editCustomer" time="0.012" classname="qsp.CustomerMoedl"/>
</testsuite> <!-- qsp.CustomerMoedl -->
