<?xml version="1.0" encoding="UTF-8"?>
<!-- Generated by org.testng.reporters.JUnitReportReporter -->
<testsuite hostname="SANDEEPINI" name="com.actitime.testscripts.A" tests="1" failures="0" timestamp="25 May 2020 02:43:24 GMT" time="0.031" errors="0">
  <testcase name="testA" time="0.031" classname="com.actitime.testscripts.A"/>
</testsuite> <!-- com.actitime.testscripts.A -->
