<?xml version="1.0" encoding="UTF-8"?>
<!-- Generated by org.testng.reporters.JUnitReportReporter -->
<testsuite hostname="SANDEEPINI" name="com.actitime.testscripts.Assignment" tests="1" failures="0" timestamp="25 May 2020 04:14:41 GMT" time="44.388" errors="0">
  <testcase name="testAssignment" time="44.388" classname="com.actitime.testscripts.Assignment"/>
</testsuite> <!-- com.actitime.testscripts.Assignment -->
