<?xml version="1.0" encoding="UTF-8"?>
<!-- Generated by org.testng.reporters.JUnitReportReporter -->
<testsuite skipped="0" hostname="DESKTOP-EM8SP10" name="qsp.Demo2" tests="3" failures="0" timestamp="27 Feb 2021 11:13:00 GMT" time="0.014" errors="0">
  <testcase name="deleteproject" time="0.002" classname="qsp.Demo2"/>
  <testcase name="createproject" time="0.011" classname="qsp.Demo2"/>
  <testcase name="modifyproject" time="0.001" classname="qsp.Demo2"/>
</testsuite> <!-- qsp.Demo2 -->
