<?xml version="1.0" encoding="UTF-8"?>
<!-- Generated by org.testng.reporters.JUnitReportReporter -->
<testsuite skipped="0" hostname="DESKTOP-GDI9CJ3" name="com.actitime.testscripts.ProjectModule" tests="1" failures="0" timestamp="11 Mar 2021 11:10:30 GMT" time="0.029" errors="0">
  <testcase name="testCreateProject" time="0.029" classname="com.actitime.testscripts.ProjectModule"/>
</testsuite> <!-- com.actitime.testscripts.ProjectModule -->
