<?xml version="1.0" encoding="UTF-8"?>
<!-- Generated by org.testng.reporters.JUnitReportReporter -->
<testsuite hostname="SANDEEPINI" name="qsp.DeleteCustomer" tests="1" failures="0" timestamp="22 May 2020 03:03:09 GMT" time="0.006" errors="0">
  <testcase name="testDeleteCustomer" time="0.006" classname="qsp.DeleteCustomer"/>
</testsuite> <!-- qsp.DeleteCustomer -->
