<?xml version="1.0" encoding="UTF-8"?>
<!-- Generated by org.testng.reporters.JUnitReportReporter -->
<testsuite skipped="0" hostname="DESKTOP-EM8SP10" name="qsp.Demo" tests="2" failures="0" timestamp="27 Feb 2021 11:41:38 GMT" time="0.019" errors="0">
  <testcase name="modifycustomer" time="0.002" classname="qsp.Demo"/>
  <testcase name="createcustomer" time="0.017" classname="qsp.Demo"/>
</testsuite> <!-- qsp.Demo -->
