<?xml version="1.0" encoding="UTF-8"?>
<!-- Generated by org.testng.reporters.JUnitReportReporter -->
<testsuite skipped="0" hostname="DESKTOP-GDI9CJ3" name="com.actitime.testscripts.DemoDataprovider" tests="2" failures="0" timestamp="10 Mar 2021 12:34:15 GMT" time="31.712" errors="0">
  <testcase name="testInvalidLogin" time="15.092" classname="com.actitime.testscripts.DemoDataprovider"/>
  <testcase name="testInvalidLogin" time="16.620" classname="com.actitime.testscripts.DemoDataprovider"/>
</testsuite> <!-- com.actitime.testscripts.DemoDataprovider -->
