<?xml version="1.0" encoding="UTF-8"?>
<!-- Generated by org.testng.reporters.JUnitReportReporter -->
<testsuite skipped="0" hostname="DESKTOP-GDI9CJ3" name="com.actitime.testscripts.MainMethodCls" tests="1" failures="0" timestamp="08 Mar 2021 11:18:26 GMT" time="11.728" errors="0">
  <testcase name="testValidLogin" time="11.728" classname="com.actitime.testscripts.MainMethodCls"/>
</testsuite> <!-- com.actitime.testscripts.MainMethodCls -->
