<?xml version="1.0" encoding="UTF-8"?>
<!-- Generated by org.testng.reporters.JUnitReportReporter -->
<testsuite hostname="SANDEEPINI" name="qsp.TestDemo" tests="3" failures="0" timestamp="22 May 2020 03:03:09 GMT" time="0.010" errors="0">
  <testcase name="testDemo2" time="0.004" classname="qsp.TestDemo"/>
  <testcase name="testDemo1" time="0.004" classname="qsp.TestDemo"/>
  <testcase name="testDemo" time="0.002" classname="qsp.TestDemo"/>
</testsuite> <!-- qsp.TestDemo -->
